2024-02-15 10:59:28.015 [restartedMain] INFO  c.p.capstone.CapstoneApplication - Starting CapstoneApplication on INLH112936 with PID 5296 (C:\Users\z043504\Downloads\capstone\capstone\target\classes started by z043504 in C:\Users\z043504\Downloads\capstone\capstone)
2024-02-15 10:59:28.016 [restartedMain] DEBUG c.p.capstone.CapstoneApplication - Running with Spring Boot v2.3.4.RELEASE, Spring v5.2.9.RELEASE
2024-02-15 10:59:28.016 [restartedMain] INFO  c.p.capstone.CapstoneApplication - No active profile set, falling back to default profiles: default
2024-02-15 10:59:29.280 [restartedMain] INFO  c.p.capstone.CapstoneApplication - Started CapstoneApplication in 1.37 seconds (JVM running for 8977.502)
2024-02-15 11:13:10.650 [restartedMain] INFO  c.p.capstone.CapstoneApplication - Starting CapstoneApplication on INLH112936 with PID 5296 (C:\Users\z043504\Downloads\capstone\capstone\target\classes started by z043504 in C:\Users\z043504\Downloads\capstone\capstone)
2024-02-15 11:13:10.651 [restartedMain] DEBUG c.p.capstone.CapstoneApplication - Running with Spring Boot v2.3.4.RELEASE, Spring v5.2.9.RELEASE
2024-02-15 11:13:10.651 [restartedMain] INFO  c.p.capstone.CapstoneApplication - No active profile set, falling back to default profiles: default
2024-02-15 11:13:11.588 [restartedMain] INFO  c.p.capstone.CapstoneApplication - Started CapstoneApplication in 0.983 seconds (JVM running for 9799.792)
2024-02-15 11:13:42.638 [restartedMain] INFO  c.p.capstone.CapstoneApplication - Starting CapstoneApplication on INLH112936 with PID 5296 (C:\Users\z043504\Downloads\capstone\capstone\target\classes started by z043504 in C:\Users\z043504\Downloads\capstone\capstone)
2024-02-15 11:13:42.639 [restartedMain] DEBUG c.p.capstone.CapstoneApplication - Running with Spring Boot v2.3.4.RELEASE, Spring v5.2.9.RELEASE
2024-02-15 11:13:42.639 [restartedMain] INFO  c.p.capstone.CapstoneApplication - No active profile set, falling back to default profiles: default
2024-02-15 11:13:43.622 [restartedMain] INFO  c.p.capstone.CapstoneApplication - Started CapstoneApplication in 1.035 seconds (JVM running for 9831.827)
2024-02-15 11:16:48.949 [restartedMain] INFO  c.p.capstone.CapstoneApplication - Starting CapstoneApplication on INLH112936 with PID 5296 (C:\Users\z043504\Downloads\capstone\capstone\target\classes started by z043504 in C:\Users\z043504\Downloads\capstone\capstone)
2024-02-15 11:16:48.950 [restartedMain] DEBUG c.p.capstone.CapstoneApplication - Running with Spring Boot v2.3.4.RELEASE, Spring v5.2.9.RELEASE
2024-02-15 11:16:48.950 [restartedMain] INFO  c.p.capstone.CapstoneApplication - No active profile set, falling back to default profiles: default
2024-02-15 11:16:50.010 [restartedMain] INFO  c.p.capstone.CapstoneApplication - Started CapstoneApplication in 1.104 seconds (JVM running for 10018.215)
2024-02-15 11:17:15.069 [http-nio-8080-exec-5] TRACE c.p.c.controller.ForumController - Post Forum Data
2024-02-15 11:19:46.076 [restartedMain] INFO  c.p.capstone.CapstoneApplication - Starting CapstoneApplication on INLH112936 with PID 5296 (C:\Users\z043504\Downloads\capstone\capstone\target\classes started by z043504 in C:\Users\z043504\Downloads\capstone\capstone)
2024-02-15 11:19:46.076 [restartedMain] DEBUG c.p.capstone.CapstoneApplication - Running with Spring Boot v2.3.4.RELEASE, Spring v5.2.9.RELEASE
2024-02-15 11:19:46.076 [restartedMain] INFO  c.p.capstone.CapstoneApplication - No active profile set, falling back to default profiles: default
2024-02-15 11:19:47.004 [restartedMain] INFO  c.p.capstone.CapstoneApplication - Started CapstoneApplication in 0.968 seconds (JVM running for 10195.208)
2024-02-15 11:22:00.868 [restartedMain] INFO  c.p.capstone.CapstoneApplication - Starting CapstoneApplication on INLH112936 with PID 5296 (C:\Users\z043504\Downloads\capstone\capstone\target\classes started by z043504 in C:\Users\z043504\Downloads\capstone\capstone)
2024-02-15 11:22:00.869 [restartedMain] DEBUG c.p.capstone.CapstoneApplication - Running with Spring Boot v2.3.4.RELEASE, Spring v5.2.9.RELEASE
2024-02-15 11:22:00.869 [restartedMain] INFO  c.p.capstone.CapstoneApplication - No active profile set, falling back to default profiles: default
2024-02-15 11:22:01.740 [restartedMain] INFO  c.p.capstone.CapstoneApplication - Started CapstoneApplication in 0.917 seconds (JVM running for 10329.945)
2024-02-15 11:22:22.746 [restartedMain] INFO  c.p.capstone.CapstoneApplication - Starting CapstoneApplication on INLH112936 with PID 5296 (C:\Users\z043504\Downloads\capstone\capstone\target\classes started by z043504 in C:\Users\z043504\Downloads\capstone\capstone)
2024-02-15 11:22:22.746 [restartedMain] DEBUG c.p.capstone.CapstoneApplication - Running with Spring Boot v2.3.4.RELEASE, Spring v5.2.9.RELEASE
2024-02-15 11:22:22.747 [restartedMain] INFO  c.p.capstone.CapstoneApplication - No active profile set, falling back to default profiles: default
2024-02-15 11:22:23.574 [restartedMain] INFO  c.p.capstone.CapstoneApplication - Started CapstoneApplication in 0.868 seconds (JVM running for 10351.779)
